<?xml version="1.0" encoding="UTF-8"?>
<testsuite xmlns:xsi="http://www.w3.org/2001/XMLSchema-instance" xsi:noNamespaceSchemaLocation="https://maven.apache.org/surefire/maven-surefire-plugin/xsd/surefire-test-report-3.0.xsd" version="3.0" name="ilp1.functional.LoginTest" time="11.279" tests="2" errors="0" skipped="0" failures="0">
  <properties>
[...]
</properties>
  <testcase name="testTtile" classname="ilp1.functional.LoginTest" time="5.795">
    <system-err><![CDATA[1618842509206	geckodriver	INFO	Listening on 127.0.0.1:22423
1618842509236	mozrunner::runner	INFO	Running command: "/usr/lib/firefox/firefox" "--marionette" "-headless" "-foreground" "-no-remote" "-profile" "/tmp/rust_mozprofileXkPODJ"
*** You are running in headless mode.

(/usr/lib/firefox/firefox:38930): GLib-GObject-CRITICAL **: 19:58:30.973: g_object_set: assertion 'G_IS_OBJECT (object)' failed

(/usr/lib/firefox/firefox:38952): GLib-GObject-CRITICAL **: 19:58:31.213: g_object_set: assertion 'G_IS_OBJECT (object)' failed
console.warn: SearchSettings: "get: No settings file exists, new profile?" (new Error("", "(unknown module)"))

(/usr/lib/firefox/firefox:39014): GLib-GObject-CRITICAL **: 19:58:33.370: g_object_set: assertion 'G_IS_OBJECT (object)' failed
1618842513517	Marionette	INFO	Listening on port 37065
1618842513659	Marionette	WARN	TLS certificate errors will be ignored for this session
Apr 19, 2021 7:58:33 PM org.openqa.selenium.remote.ProtocolHandshake createSession
INFO: Detected dialect: W3C
1618842514028	Marionette	INFO	Stopped listening on port 37065
console.warn: services.settings: main/partitioning-exempt-urls sync interrupted by shutdown

###!!! [Parent][RunMessage] Error: Channel closing: too late to send/recv, messages will be lost

]]></system-err>
  </testcase>
  <testcase name="testLoginForm" classname="ilp1.functional.LoginTest" time="5.481">
    <system-err><![CDATA[1618842514981	geckodriver	INFO	Listening on 127.0.0.1:24073
1618842515002	mozrunner::runner	INFO	Running command: "/usr/lib/firefox/firefox" "--marionette" "-headless" "-foreground" "-no-remote" "-profile" "/tmp/rust_mozprofileNwydju"
*** You are running in headless mode.

(/usr/lib/firefox/firefox:39120): GLib-GObject-CRITICAL **: 19:58:36.887: g_object_set: assertion 'G_IS_OBJECT (object)' failed

(/usr/lib/firefox/firefox:39137): GLib-GObject-CRITICAL **: 19:58:37.092: g_object_set: assertion 'G_IS_OBJECT (object)' failed
console.warn: SearchSettings: "get: No settings file exists, new profile?" (new Error("", "(unknown module)"))
1618842518771	Marionette	INFO	Listening on port 46605

(/usr/lib/firefox/firefox:39219): GLib-GObject-CRITICAL **: 19:58:38.838: g_object_set: assertion 'G_IS_OBJECT (object)' failed
1618842518886	Marionette	WARN	TLS certificate errors will be ignored for this session
Apr 19, 2021 7:58:38 PM org.openqa.selenium.remote.ProtocolHandshake createSession
INFO: Detected dialect: W3C
1618842519471	Marionette	INFO	Stopped listening on port 46605
console.error: services.settings: 
  main/partitioning-exempt-urls Signature failed  TypeError: NetworkError when attempting to fetch resource.

###!!! [Parent][RunMessage] Error: Channel closing: too late to send/recv, messages will be lost

]]></system-err>
  </testcase>
</testsuite>