<?xml version="1.0" encoding="UTF-8"?>
<testsuite xmlns:xsi="http://www.w3.org/2001/XMLSchema-instance" xsi:noNamespaceSchemaLocation="https://maven.apache.org/surefire/maven-surefire-plugin/xsd/surefire-test-report-3.0.xsd" version="3.0" name="ilp1.functional.RegisterTest" time="11.331" tests="2" errors="0" skipped="0" failures="0">
  <properties>
[...]
</properties>
  <testcase name="testTitle" classname="ilp1.functional.RegisterTest" time="5.627">
    <system-err><![CDATA[1618842497855	geckodriver	INFO	Listening on 127.0.0.1:31686
1618842497915	mozrunner::runner	INFO	Running command: "/usr/lib/firefox/firefox" "--marionette" "-headless" "-foreground" "-no-remote" "-profile" "/tmp/rust_mozprofilekH8V3g"
*** You are running in headless mode.

(/usr/lib/firefox/firefox:38544): GLib-GObject-CRITICAL **: 19:58:19.751: g_object_set: assertion 'G_IS_OBJECT (object)' failed

(/usr/lib/firefox/firefox:38566): GLib-GObject-CRITICAL **: 19:58:19.992: g_object_set: assertion 'G_IS_OBJECT (object)' failed
console.warn: SearchSettings: "get: No settings file exists, new profile?" (new Error("", "(unknown module)"))

(/usr/lib/firefox/firefox:38639): GLib-GObject-CRITICAL **: 19:58:21.937: g_object_set: assertion 'G_IS_OBJECT (object)' failed
1618842501966	Marionette	INFO	Listening on port 45117
1618842502066	Marionette	WARN	TLS certificate errors will be ignored for this session
Apr 19, 2021 7:58:22 PM org.openqa.selenium.remote.ProtocolHandshake createSession
INFO: Detected dialect: W3C
1618842502499	Marionette	INFO	Stopped listening on port 45117
]]></system-err>
  </testcase>
  <testcase name="testForm" classname="ilp1.functional.RegisterTest" time="5.703">
    <system-err><![CDATA[1618842503483	geckodriver	INFO	Listening on 127.0.0.1:29280
1618842503509	mozrunner::runner	INFO	Running command: "/usr/lib/firefox/firefox" "--marionette" "-headless" "-foreground" "-no-remote" "-profile" "/tmp/rust_mozprofilehAsw0g"
*** You are running in headless mode.

(/usr/lib/firefox/firefox:38737): GLib-GObject-CRITICAL **: 19:58:25.148: g_object_set: assertion 'G_IS_OBJECT (object)' failed

(/usr/lib/firefox/firefox:38756): GLib-GObject-CRITICAL **: 19:58:25.374: g_object_set: assertion 'G_IS_OBJECT (object)' failed
console.warn: SearchSettings: "get: No settings file exists, new profile?" (new Error("", "(unknown module)"))
1618842507838	Marionette	INFO	Listening on port 36831

(/usr/lib/firefox/firefox:38831): GLib-GObject-CRITICAL **: 19:58:27.841: g_object_set: assertion 'G_IS_OBJECT (object)' failed
1618842507885	Marionette	WARN	TLS certificate errors will be ignored for this session
Apr 19, 2021 7:58:27 PM org.openqa.selenium.remote.ProtocolHandshake createSession
INFO: Detected dialect: W3C
1618842508251	Marionette	INFO	Stopped listening on port 36831
console.error: services.settings: 
  main/partitioning-exempt-urls Signature failed  TypeError: NetworkError when attempting to fetch resource.
]]></system-err>
  </testcase>
</testsuite>