<?xml version="1.0" encoding="UTF-8"?>
<testsuite xmlns:xsi="http://www.w3.org/2001/XMLSchema-instance" xsi:noNamespaceSchemaLocation="https://maven.apache.org/surefire/maven-surefire-plugin/xsd/surefire-test-report-3.0.xsd" version="3.0" name="ilp1.functional.ResetTest" time="12.707" tests="2" errors="0" skipped="0" failures="0">
  <properties>
[...]
</properties>
  <testcase name="testField" classname="ilp1.functional.ResetTest" time="6.552">
    <system-err><![CDATA[1618842485529	geckodriver	INFO	Listening on 127.0.0.1:28141
1618842485912	mozrunner::runner	INFO	Running command: "/usr/lib/firefox/firefox" "--marionette" "-headless" "-foreground" "-no-remote" "-profile" "/tmp/rust_mozprofileLavyqB"
*** You are running in headless mode.

(/usr/lib/firefox/firefox:38150): GLib-GObject-CRITICAL **: 19:58:07.695: g_object_set: assertion 'G_IS_OBJECT (object)' failed

(/usr/lib/firefox/firefox:38170): GLib-GObject-CRITICAL **: 19:58:07.953: g_object_set: assertion 'G_IS_OBJECT (object)' failed
console.warn: SearchSettings: "get: No settings file exists, new profile?" (new Error("", "(unknown module)"))

(/usr/lib/firefox/firefox:38241): GLib-GObject-CRITICAL **: 19:58:09.791: g_object_set: assertion 'G_IS_OBJECT (object)' failed
1618842489908	Marionette	INFO	Listening on port 37345
1618842489977	Marionette	WARN	TLS certificate errors will be ignored for this session
Apr 19, 2021 7:58:10 PM org.openqa.selenium.remote.ProtocolHandshake createSession
INFO: Detected dialect: W3C
1618842490632	Marionette	INFO	Stopped listening on port 37345
console.error: services.settings: 
  main/cfr Signature failed  TypeError: NetworkError when attempting to fetch resource.
]]></system-err>
  </testcase>
  <testcase name="testTitle" classname="ilp1.functional.ResetTest" time="6.151">
    <system-err><![CDATA[1618842491699	geckodriver	INFO	Listening on 127.0.0.1:5568
1618842491729	mozrunner::runner	INFO	Running command: "/usr/lib/firefox/firefox" "--marionette" "-headless" "-foreground" "-no-remote" "-profile" "/tmp/rust_mozprofileKOe3Dx"
*** You are running in headless mode.

(/usr/lib/firefox/firefox:38342): GLib-GObject-CRITICAL **: 19:58:13.698: g_object_set: assertion 'G_IS_OBJECT (object)' failed

(/usr/lib/firefox/firefox:38362): GLib-GObject-CRITICAL **: 19:58:13.948: g_object_set: assertion 'G_IS_OBJECT (object)' failed
console.warn: SearchSettings: "get: No settings file exists, new profile?" (new Error("", "(unknown module)"))

(/usr/lib/firefox/firefox:38443): GLib-GObject-CRITICAL **: 19:58:15.949: g_object_set: assertion 'G_IS_OBJECT (object)' failed
1618842496156	Marionette	INFO	Listening on port 38907
1618842496287	Marionette	WARN	TLS certificate errors will be ignored for this session
Apr 19, 2021 7:58:16 PM org.openqa.selenium.remote.ProtocolHandshake createSession
INFO: Detected dialect: W3C
1618842496631	Marionette	INFO	Stopped listening on port 38907

###!!! [Parent][RunMessage] Error: Channel closing: too late to send/recv, messages will be lost


###!!! [Parent][RunMessage] Error: Channel closing: too late to send/recv, messages will be lost

]]></system-err>
  </testcase>
</testsuite>